#
# There is insufficient memory for the Java Runtime Environment to continue.
# Native memory allocation (malloc) failed to allocate 577776 bytes for Chunk::new
# Possible reasons:
#   The system is out of physical RAM or swap space
#   The process is running with CompressedOops enabled, and the Java Heap may be blocking the growth of the native heap
# Possible solutions:
#   Reduce memory load on the system
#   Increase physical memory or swap space
#   Check if swap backing store is full
#   Decrease Java heap size (-Xmx/-Xms)
#   Decrease number of Java threads
#   Decrease Java thread stack sizes (-Xss)
#   Set larger code cache with -XX:ReservedCodeCacheSize=
#   JVM is running with Unscaled Compressed Oops mode in which the Java heap is
#     placed in the first 4GB address space. The Java Heap base address is the
#     maximum limit for the native heap growth. Please use -XX:HeapBaseMinAddress
#     to set the Java Heap base and to place the Java Heap above 4GB virtual address.
# This output file may be truncated or incomplete.
#
#  Out of Memory Error (allocation.cpp:389), pid=20876, tid=0x0000000000000668
#
# JRE version: OpenJDK Runtime Environment (8.0_242-b01) (build 1.8.0_242-release-1644-b01)
# Java VM: OpenJDK 64-Bit Server VM (25.242-b01 mixed mode windows-amd64 compressed oops)
# Failed to write core dump. Minidumps are not enabled by default on client versions of Windows
#

---------------  T H R E A D  ---------------

Current thread (0x0000000017152000):  JavaThread "C2 CompilerThread0" daemon [_thread_in_native, id=1640, stack(0x00000000187d0000,0x00000000188d0000)]

Stack: [0x00000000187d0000,0x00000000188d0000]
[error occurred during error reporting (printing stack bounds), id 0xc0000005]

Native frames: (J=compiled Java code, j=interpreted, Vv=VM code, C=native code)


Current CompileTask:
C2: 232753 17212       4       com.android.tools.r8.dex.r::a (131 bytes)


---------------  P R O C E S S  ---------------

Java Threads: ( => current thread )
  0x000000001f1e2000 JavaThread "WorkerExecutor Queue Thread 3" [_thread_blocked, id=20576, stack(0x000000002d180000,0x000000002d280000)]
  0x000000001f1e1000 JavaThread "WorkerExecutor Queue Thread 2" [_thread_blocked, id=6304, stack(0x000000002d080000,0x000000002d180000)]
  0x000000001f1e5000 JavaThread "WorkerExecutor Queue" [_thread_blocked, id=17536, stack(0x000000002cd80000,0x000000002ce80000)]
  0x000000001f1e2800 JavaThread "Cache worker for execution history cache (C:\Users\Nischal\AndroidStudioProjects\ShieldFox\.gradle\6.5\executionHistory)" [_thread_blocked, id=20620, stack(0x000000002ca80000,0x000000002cb80000)]
  0x000000001f1de000 JavaThread "Execution worker for ':' Thread 3" [_thread_blocked, id=8512, stack(0x000000002c980000,0x000000002ca80000)]
  0x000000001a5b3800 JavaThread "Execution worker for ':' Thread 2" [_thread_blocked, id=6292, stack(0x000000002c880000,0x000000002c980000)]
  0x000000001a5b2000 JavaThread "Execution worker for ':'" [_thread_blocked, id=12328, stack(0x000000002bce0000,0x000000002bde0000)]
  0x000000001a5b3000 JavaThread "Cache worker for file content cache (C:\Users\Nischal\AndroidStudioProjects\ShieldFox\.gradle\6.5\fileContent)" [_thread_blocked, id=9824, stack(0x000000002a7e0000,0x000000002a8e0000)]
  0x000000001a5b0800 JavaThread "pool-3-thread-1" [_thread_blocked, id=16780, stack(0x0000000028d50000,0x0000000028e50000)]
  0x000000001a5b4800 JavaThread "Cache worker for Build Output Cleanup Cache (C:\Users\Nischal\AndroidStudioProjects\ShieldFox\.gradle\buildOutputCleanup)" [_thread_blocked, id=5320, stack(0x0000000028450000,0x0000000028550000)]
  0x000000001d5c8000 JavaThread "Build operations Thread 4" [_thread_in_native, id=20912, stack(0x0000000020d30000,0x0000000020e30000)]
  0x000000001d5c5000 JavaThread "Build operations Thread 3" [_thread_in_Java, id=2028, stack(0x0000000020c30000,0x0000000020d30000)]
  0x000000001d5c3800 JavaThread "Build operations Thread 2" [_thread_in_vm, id=10424, stack(0x000000001fb00000,0x000000001fc00000)]
  0x000000001d5c5800 JavaThread "Build operations" [_thread_in_native, id=4768, stack(0x000000001fa00000,0x000000001fb00000)]
  0x000000001d5ba800 JavaThread "Cache worker for cache directory md-rule (C:\Users\Nischal\.gradle\caches\6.5\md-rule)" [_thread_blocked, id=11932, stack(0x000000001f900000,0x000000001fa00000)]
  0x000000001d5c1000 JavaThread "Cache worker for cache directory md-supplier (C:\Users\Nischal\.gradle\caches\6.5\md-supplier)" [_thread_blocked, id=16588, stack(0x000000001f800000,0x000000001f900000)]
  0x000000001d5c0800 JavaThread "Cache worker for checksums cache (C:\Users\Nischal\AndroidStudioProjects\ShieldFox\.gradle\checksums)" [_thread_blocked, id=10636, stack(0x000000001f700000,0x000000001f800000)]
  0x000000001d5b9000 JavaThread "Cache worker for file hash cache (C:\Users\Nischal\AndroidStudioProjects\ShieldFox\.gradle\6.5\fileHashes)" [_thread_blocked, id=17432, stack(0x000000001cc60000,0x000000001cd60000)]
  0x000000001d5be000 JavaThread "Thread-126" [_thread_blocked, id=18268, stack(0x000000001c860000,0x000000001c960000)]
  0x000000001d5bc000 JavaThread "Asynchronous log dispatcher for DefaultDaemonConnection: socket connection from /127.0.0.1:58445 to /127.0.0.1:58472" [_thread_blocked, id=20324, stack(0x0000000000950000,0x0000000000a50000)]
  0x000000001d5bf800 JavaThread "Cancel handler" [_thread_blocked, id=20000, stack(0x0000000000830000,0x0000000000930000)]
  0x000000001d5bb000 JavaThread "Handler for socket connection from /127.0.0.1:58445 to /127.0.0.1:58472" [_thread_in_native, id=17964, stack(0x0000000000730000,0x0000000000830000)]
  0x000000001dec3000 JavaThread "Memory manager" [_thread_blocked, id=616, stack(0x000000002a4e0000,0x000000002a5e0000)]
  0x00000000195e5000 JavaThread "Cache worker for file content cache (C:\Users\Nischal\.gradle\caches\6.5\fileContent)" [_thread_blocked, id=21272, stack(0x0000000022830000,0x0000000022930000)]
  0x00000000195e7800 JavaThread "Cache worker for execution history cache (C:\Users\Nischal\.gradle\caches\6.5\executionHistory)" [_thread_blocked, id=17440, stack(0x0000000022330000,0x0000000022430000)]
  0x000000001a023800 JavaThread "Cache worker for file hash cache (C:\Users\Nischal\.gradle\caches\6.5\fileHashes)" [_thread_blocked, id=1724, stack(0x000000001d260000,0x000000001d360000)]
  0x000000001a020800 JavaThread "File lock request listener" [_thread_in_native, id=19396, stack(0x000000001d160000,0x000000001d260000)]
  0x000000001a027000 JavaThread "Cache worker for journal cache (C:\Users\Nischal\.gradle\caches\journal-1)" [_thread_blocked, id=216, stack(0x000000001cf60000,0x000000001d060000)]
  0x0000000019cbe800 JavaThread "Daemon worker" [_thread_blocked, id=10076, stack(0x000000001c960000,0x000000001ca60000)]
  0x00000000198e9800 JavaThread "Daemon" [_thread_blocked, id=7956, stack(0x000000001c660000,0x000000001c760000)]
  0x000000001a583000 JavaThread "Daemon periodic checks" [_thread_blocked, id=9668, stack(0x000000001c360000,0x000000001c460000)]
  0x000000001a5d9000 JavaThread "Incoming local TCP Connector on port 58445" [_thread_in_native, id=19524, stack(0x000000001c120000,0x000000001c220000)]
  0x000000001ac06000 JavaThread "Daemon health stats" [_thread_blocked, id=12348, stack(0x000000001bae0000,0x000000001bbe0000)]
  0x00000000171ae800 JavaThread "Service Thread" daemon [_thread_blocked, id=17576, stack(0x0000000018ed0000,0x0000000018fd0000)]
  0x000000001715f800 JavaThread "C1 CompilerThread2" daemon [_thread_blocked, id=7548, stack(0x00000000189d0000,0x0000000018ad0000)]
  0x000000001715b000 JavaThread "C2 CompilerThread1" daemon [_thread_in_vm, id=1580, stack(0x00000000188d0000,0x00000000189d0000)]
=>0x0000000017152000 JavaThread "C2 CompilerThread0" daemon [_thread_in_native, id=1640, stack(0x00000000187d0000,0x00000000188d0000)]
  0x0000000017151000 JavaThread "Attach Listener" daemon [_thread_blocked, id=8784, stack(0x00000000186d0000,0x00000000187d0000)]
  0x0000000017155800 JavaThread "Signal Dispatcher" daemon [_thread_blocked, id=12392, stack(0x00000000185d0000,0x00000000186d0000)]
  0x00000000024eb800 JavaThread "Finalizer" daemon [_thread_blocked, id=17868, stack(0x00000000183c0000,0x00000000184c0000)]
  0x0000000017139000 JavaThread "Reference Handler" daemon [_thread_blocked, id=12960, stack(0x00000000182c0000,0x00000000183c0000)]
  0x00000000023ee800 JavaThread "main" [_thread_blocked, id=19780, stack(0x00000000022d0000,0x00000000023d0000)]

Other Threads:
  0x0000000017117800 VMThread [stack: 0x00000000181c0000,0x00000000182c0000] [id=15880]
  0x0000000018b19000 WatcherThread [stack: 0x0000000018fd0000,0x00000000190d0000] [id=2468]

VM state:not at safepoint (normal execution)

VM Mutex/Monitor currently owned by a thread: None

heap address: 0x0000000080000000, size: 2048 MB, Compressed Oops mode: 32-bit
Narrow klass base: 0x0000000000000000, Narrow klass shift: 3
Compressed class space size: 1073741824 Address: 0x0000000100000000

Heap:
 PSYoungGen      total 374272K, used 75883K [0x00000000d5580000, 0x00000000eeb00000, 0x0000000100000000)
  eden space 333824K, 19% used [0x00000000d5580000,0x00000000d9398598,0x00000000e9b80000)
  from space 40448K, 30% used [0x00000000ec280000,0x00000000ece82920,0x00000000eea00000)
  to   space 39936K, 0% used [0x00000000e9b80000,0x00000000e9b80000,0x00000000ec280000)
 ParOldGen       total 155648K, used 121201K [0x0000000080000000, 0x0000000089800000, 0x00000000d5580000)
  object space 155648K, 77% used [0x0000000080000000,0x000000008765c408,0x0000000089800000)
 Metaspace       used 93915K, capacity 99010K, committed 99288K, reserved 1134592K
  class space    used 12537K, capacity 13517K, committed 13568K, reserved 1048576K

Card table byte_map: [0x00000000118c0000,0x0000000011cd0000] byte_map_base: 0x00000000114c0000

Marking Bits: (ParMarkBitMap*) 0x000000006804f030
 Begin Bits: [0x0000000012380000, 0x0000000014380000)
 End Bits:   [0x0000000014380000, 0x0000000016380000)

Polling page: 0x00000000022b0000

CodeCache: size=245760Kb used=50073Kb max_used=50073Kb free=195686Kb
 bounds [0x0000000002500000, 0x0000000005680000, 0x0000000011500000]
 total_blobs=14610 nmethods=13770 adapters=750
 compilation: enabled

Compilation events (10 events):
Event: 232.674 Thread 0x000000001715f800 17238       3       com.android.tools.r8.code.P2::a (55 bytes)
Event: 232.675 Thread 0x000000001715f800 nmethod 17238 0x0000000004d51250 code [0x0000000004d51440, 0x0000000004d51f38]
Event: 232.689 Thread 0x000000001715f800 17241       3       com.android.tools.r8.ir.regalloc.a$$Lambda$1193/1074241568::compare (12 bytes)
Event: 232.692 Thread 0x000000001715f800 nmethod 17241 0x0000000004ea7c50 code [0x0000000004ea7e20, 0x0000000004ea8838]
Event: 232.696 Thread 0x000000001715f800 17244 %     3       com.android.tools.r8.utils.X::c @ 52 (79 bytes)
Event: 232.697 Thread 0x000000001715f800 nmethod 17244% 0x0000000004ea71d0 code [0x0000000004ea7380, 0x0000000004ea7928]
Event: 232.711 Thread 0x000000001715f800 17246 %     3       com.android.tools.r8.graph.X0::d @ 17 (52 bytes)
Event: 232.711 Thread 0x000000001715f800 nmethod 17246% 0x0000000004f3b890 code [0x0000000004f3ba60, 0x0000000004f3c228]
Event: 232.713 Thread 0x000000001715f800 17247       3       com.android.tools.r8.graph.X0::d (52 bytes)
Event: 232.713 Thread 0x000000001715f800 nmethod 17247 0x0000000004f3ad10 code [0x0000000004f3aee0, 0x0000000004f3b628]

GC Heap History (10 events):
Event: 195.985 GC heap before
{Heap before GC invocations=26 (full 4):
 PSYoungGen      total 318464K, used 286507K [0x00000000d5580000, 0x00000000eea00000, 0x0000000100000000)
  eden space 276480K, 100% used [0x00000000d5580000,0x00000000e6380000,0x00000000e6380000)
  from space 41984K, 23% used [0x00000000e6380000,0x00000000e6d4ac28,0x00000000e8c80000)
  to   space 40448K, 0% used [0x00000000ec280000,0x00000000ec280000,0x00000000eea00000)
 ParOldGen       total 155648K, used 95611K [0x0000000080000000, 0x0000000089800000, 0x00000000d5580000)
  object space 155648K, 61% used [0x0000000080000000,0x0000000085d5ee00,0x0000000089800000)
 Metaspace       used 93286K, capacity 98284K, committed 98520K, reserved 1134592K
  class space    used 12505K, capacity 13466K, committed 13568K, reserved 1048576K
Event: 197.249 GC heap after
Heap after GC invocations=26 (full 4):
 PSYoungGen      total 374272K, used 6232K [0x00000000d5580000, 0x00000000eeb00000, 0x0000000100000000)
  eden space 333824K, 0% used [0x00000000d5580000,0x00000000d5580000,0x00000000e9b80000)
  from space 40448K, 15% used [0x00000000ec280000,0x00000000ec896020,0x00000000eea00000)
  to   space 39936K, 0% used [0x00000000e9b80000,0x00000000e9b80000,0x00000000ec280000)
 ParOldGen       total 155648K, used 104505K [0x0000000080000000, 0x0000000089800000, 0x00000000d5580000)
  object space 155648K, 67% used [0x0000000080000000,0x000000008660e4e0,0x0000000089800000)
 Metaspace       used 93286K, capacity 98284K, committed 98520K, reserved 1134592K
  class space    used 12505K, capacity 13466K, committed 13568K, reserved 1048576K
}
Event: 210.237 GC heap before
{Heap before GC invocations=27 (full 4):
 PSYoungGen      total 374272K, used 340056K [0x00000000d5580000, 0x00000000eeb00000, 0x0000000100000000)
  eden space 333824K, 100% used [0x00000000d5580000,0x00000000e9b80000,0x00000000e9b80000)
  from space 40448K, 15% used [0x00000000ec280000,0x00000000ec896020,0x00000000eea00000)
  to   space 39936K, 0% used [0x00000000e9b80000,0x00000000e9b80000,0x00000000ec280000)
 ParOldGen       total 155648K, used 104505K [0x0000000080000000, 0x0000000089800000, 0x00000000d5580000)
  object space 155648K, 67% used [0x0000000080000000,0x000000008660e4e0,0x0000000089800000)
 Metaspace       used 93449K, capacity 98478K, committed 98776K, reserved 1134592K
  class space    used 12518K, capacity 13505K, committed 13568K, reserved 1048576K
Event: 211.159 GC heap after
Heap after GC invocations=27 (full 4):
 PSYoungGen      total 373760K, used 4896K [0x00000000d5580000, 0x00000000eeb00000, 0x0000000100000000)
  eden space 333824K, 0% used [0x00000000d5580000,0x00000000d5580000,0x00000000e9b80000)
  from space 39936K, 12% used [0x00000000e9b80000,0x00000000ea048000,0x00000000ec280000)
  to   space 40448K, 0% used [0x00000000ec280000,0x00000000ec280000,0x00000000eea00000)
 ParOldGen       total 155648K, used 110220K [0x0000000080000000, 0x0000000089800000, 0x00000000d5580000)
  object space 155648K, 70% used [0x0000000080000000,0x0000000086ba3128,0x0000000089800000)
 Metaspace       used 93449K, capacity 98478K, committed 98776K, reserved 1134592K
  class space    used 12518K, capacity 13505K, committed 13568K, reserved 1048576K
}
Event: 224.244 GC heap before
{Heap before GC invocations=28 (full 4):
 PSYoungGen      total 373760K, used 338720K [0x00000000d5580000, 0x00000000eeb00000, 0x0000000100000000)
  eden space 333824K, 100% used [0x00000000d5580000,0x00000000e9b80000,0x00000000e9b80000)
  from space 39936K, 12% used [0x00000000e9b80000,0x00000000ea048000,0x00000000ec280000)
  to   space 40448K, 0% used [0x00000000ec280000,0x00000000ec280000,0x00000000eea00000)
 ParOldGen       total 155648K, used 110220K [0x0000000080000000, 0x0000000089800000, 0x00000000d5580000)
  object space 155648K, 70% used [0x0000000080000000,0x0000000086ba3128,0x0000000089800000)
 Metaspace       used 93599K, capacity 98722K, committed 98776K, reserved 1134592K
  class space    used 12532K, capacity 13515K, committed 13568K, reserved 1048576K
Event: 224.846 GC heap after
Heap after GC invocations=28 (full 4):
 PSYoungGen      total 374272K, used 5541K [0x00000000d5580000, 0x00000000eeb00000, 0x0000000100000000)
  eden space 333824K, 0% used [0x00000000d5580000,0x00000000d5580000,0x00000000e9b80000)
  from space 40448K, 13% used [0x00000000ec280000,0x00000000ec7e96c8,0x00000000eea00000)
  to   space 39936K, 0% used [0x00000000e9b80000,0x00000000e9b80000,0x00000000ec280000)
 ParOldGen       total 155648K, used 113724K [0x0000000080000000, 0x0000000089800000, 0x00000000d5580000)
  object space 155648K, 73% used [0x0000000080000000,0x0000000086f0f178,0x0000000089800000)
 Metaspace       used 93599K, capacity 98722K, committed 98776K, reserved 1134592K
  class space    used 12532K, capacity 13515K, committed 13568K, reserved 1048576K
}
Event: 228.539 GC heap before
{Heap before GC invocations=29 (full 4):
 PSYoungGen      total 374272K, used 339365K [0x00000000d5580000, 0x00000000eeb00000, 0x0000000100000000)
  eden space 333824K, 100% used [0x00000000d5580000,0x00000000e9b80000,0x00000000e9b80000)
  from space 40448K, 13% used [0x00000000ec280000,0x00000000ec7e96c8,0x00000000eea00000)
  to   space 39936K, 0% used [0x00000000e9b80000,0x00000000e9b80000,0x00000000ec280000)
 ParOldGen       total 155648K, used 113724K [0x0000000080000000, 0x0000000089800000, 0x00000000d5580000)
  object space 155648K, 73% used [0x0000000080000000,0x0000000086f0f178,0x0000000089800000)
 Metaspace       used 93801K, capacity 98878K, committed 99032K, reserved 1134592K
  class space    used 12535K, capacity 13517K, committed 13568K, reserved 1048576K
Event: 228.604 GC heap after
Heap after GC invocations=29 (full 4):
 PSYoungGen      total 373760K, used 7467K [0x00000000d5580000, 0x00000000eeb00000, 0x0000000100000000)
  eden space 333824K, 0% used [0x00000000d5580000,0x00000000d5580000,0x00000000e9b80000)
  from space 39936K, 18% used [0x00000000e9b80000,0x00000000ea2cad00,0x00000000ec280000)
  to   space 40448K, 0% used [0x00000000ec280000,0x00000000ec280000,0x00000000eea00000)
 ParOldGen       total 155648K, used 117616K [0x0000000080000000, 0x0000000089800000, 0x00000000d5580000)
  object space 155648K, 75% used [0x0000000080000000,0x00000000872dc100,0x0000000089800000)
 Metaspace       used 93801K, capacity 98878K, committed 99032K, reserved 1134592K
  class space    used 12535K, capacity 13517K, committed 13568K, reserved 1048576K
}
Event: 232.279 GC heap before
{Heap before GC invocations=30 (full 4):
 PSYoungGen      total 373760K, used 341291K [0x00000000d5580000, 0x00000000eeb00000, 0x0000000100000000)
  eden space 333824K, 100% used [0x00000000d5580000,0x00000000e9b80000,0x00000000e9b80000)
  from space 39936K, 18% used [0x00000000e9b80000,0x00000000ea2cad00,0x00000000ec280000)
  to   space 40448K, 0% used [0x00000000ec280000,0x00000000ec280000,0x00000000eea00000)
 ParOldGen       total 155648K, used 117616K [0x0000000080000000, 0x0000000089800000, 0x00000000d5580000)
  object space 155648K, 75% used [0x0000000080000000,0x00000000872dc100,0x0000000089800000)
 Metaspace       used 93905K, capacity 99006K, committed 99288K, reserved 1134592K
  class space    used 12535K, capacity 13517K, committed 13568K, reserved 1048576K
Event: 232.335 GC heap after
Heap after GC invocations=30 (full 4):
 PSYoungGen      total 374272K, used 12298K [0x00000000d5580000, 0x00000000eeb00000, 0x0000000100000000)
  eden space 333824K, 0% used [0x00000000d5580000,0x00000000d5580000,0x00000000e9b80000)
  from space 40448K, 30% used [0x00000000ec280000,0x00000000ece82920,0x00000000eea00000)
  to   space 39936K, 0% used [0x00000000e9b80000,0x00000000e9b80000,0x00000000ec280000)
 ParOldGen       total 155648K, used 121201K [0x0000000080000000, 0x0000000089800000, 0x00000000d5580000)
  object space 155648K, 77% used [0x0000000080000000,0x000000008765c408,0x0000000089800000)
 Metaspace       used 93905K, capacity 99006K, committed 99288K, reserved 1134592K
  class space    used 12535K, capacity 13517K, committed 13568K, reserved 1048576K
}

Deoptimization events (10 events):
Event: 230.140 Thread 0x000000001d5c3800 Uncommon trap: reason=bimorphic action=maybe_recompile pc=0x0000000004d4deec method=com.android.tools.r8.graph.V0.b(Ljava/util/function/Predicate;Ljava/util/function/Consumer;Lcom/android/tools/r8/graph/W;)V @ 12
Event: 230.143 Thread 0x000000001d5c3800 Uncommon trap: reason=bimorphic action=maybe_recompile pc=0x0000000004d4e0b8 method=com.android.tools.r8.graph.V0.b(Ljava/util/function/Predicate;Ljava/util/function/Consumer;Lcom/android/tools/r8/graph/W;)V @ 12
Event: 230.144 Thread 0x000000001d5c3800 Uncommon trap: reason=unstable_if action=reinterpret pc=0x0000000004f201e8 method=com.android.tools.r8.graph.i0.b(Lcom/android/tools/r8/graph/i0;)I @ 83
Event: 230.209 Thread 0x000000001d5c8000 Uncommon trap: reason=unstable_if action=reinterpret pc=0x00000000046d7fec method=com.android.tools.r8.s.a.p.m.a(Lcom/android/tools/r8/s/a/p/l;)Lcom/android/tools/r8/s/a/p/o; @ 16
Event: 230.334 Thread 0x000000001d5c8000 Uncommon trap: reason=unstable_if action=reinterpret pc=0x0000000004a03a80 method=com.android.tools.r8.s.b.q1.L()Z @ 14
Event: 230.348 Thread 0x000000001d5c3800 Uncommon trap: reason=array_check action=maybe_recompile pc=0x00000000052b5918 method=java.util.TimSort.reverseRange([Ljava/lang/Object;II)V @ 27
Event: 230.573 Thread 0x000000001d5c3800 Uncommon trap: reason=unstable_if action=reinterpret pc=0x00000000048030b0 method=com.android.tools.r8.graph.i0.b(Lcom/android/tools/r8/graph/i0;)I @ 60
Event: 230.573 Thread 0x000000001d5c3800 Uncommon trap: reason=unstable_if action=reinterpret pc=0x0000000004a717e0 method=com.android.tools.r8.graph.i0.b(Lcom/android/tools/r8/graph/i0;)I @ 60
Event: 232.391 Thread 0x000000001d5c3800 Uncommon trap: reason=class_check action=maybe_recompile pc=0x0000000004d7b7f0 method=com.android.tools.r8.t.a.a.a.f.e.putAll(Ljava/util/Map;)V @ 3
Event: 232.558 Thread 0x000000001d5c5000 Uncommon trap: reason=unstable_if action=reinterpret pc=0x0000000004ac5324 method=com.android.tools.r8.dex.r.c()Lcom/android/tools/r8/dex/r$a; @ 810

Classes redefined (0 events):
No events

Internal exceptions (10 events):
Event: 161.987 Thread 0x000000001d5c3800 Implicit null exception at 0x0000000005036108 to 0x000000000503bf4d
Event: 163.948 Thread 0x000000001d5c8000 Exception <a 'sun/nio/fs/WindowsException'> (0x00000000d806c5b8) thrown at [C:\src\AOSP-openjdk-git\hotspot\src\share\vm\prims\jni.cpp, line 710]
Event: 194.765 Thread 0x000000001f1e5000 Implicit null exception at 0x0000000004d786b0 to 0x0000000004d786c0
Event: 225.290 Thread 0x000000001d5c8000 Implicit null exception at 0x00000000027a064a to 0x00000000027a06ea
Event: 225.940 Thread 0x000000001d5c8000 Exception <a 'sun/nio/fs/WindowsException'> (0x00000000d807b7f0) thrown at [C:\src\AOSP-openjdk-git\hotspot\src\share\vm\prims\jni.cpp, line 710]
Event: 228.223 Thread 0x000000001d5c8000 Exception <a 'sun/nio/fs/WindowsException'> (0x00000000e5224fd8) thrown at [C:\src\AOSP-openjdk-git\hotspot\src\share\vm\prims\jni.cpp, line 710]
Event: 228.862 Thread 0x000000001d5c8000 Implicit null exception at 0x00000000054eab74 to 0x00000000054ecc95
Event: 230.737 Thread 0x000000001d5c8000 Exception <a 'sun/nio/fs/WindowsException'> (0x00000000e4fe9d48) thrown at [C:\src\AOSP-openjdk-git\hotspot\src\share\vm\prims\jni.cpp, line 710]
Event: 231.633 Thread 0x000000001d5c3800 Exception <a 'sun/nio/fs/WindowsException'> (0x00000000e74ed278) thrown at [C:\src\AOSP-openjdk-git\hotspot\src\share\vm\prims\jni.cpp, line 710]
Event: 232.110 Thread 0x000000001d5c3800 Exception <a 'sun/nio/fs/WindowsException'> (0x00000000e8b25af0) thrown at [C:\src\AOSP-openjdk-git\hotspot\src\share\vm\prims\jni.cpp, line 710]

Events (10 events):
Event: 232.478 loading class com/android/build/gradle/internal/profile/TaskProfilingRecord$allWorkersFinished$1 done
Event: 232.505 loading class com/android/build/gradle/internal/profile/TaskProfilingRecord$sam$java_util_function_Predicate$0
Event: 232.505 loading class com/android/build/gradle/internal/profile/TaskProfilingRecord$sam$java_util_function_Predicate$0 done
Event: 232.544 Thread 0x000000001d5c5000 DEOPT PACKING pc=0x0000000005648792 sp=0x0000000020d2b0c0
Event: 232.545 Thread 0x000000001d5c5000 DEOPT UNPACKING pc=0x00000000025475d0 sp=0x0000000020d2b398 mode 0
Event: 232.558 Thread 0x000000001d5c5000 Uncommon trap: trap_request=0xffffff65 fr.pc=0x0000000004ac5324
Event: 232.558 Thread 0x000000001d5c5000 DEOPT PACKING pc=0x0000000004ac5324 sp=0x0000000020d2b630
Event: 232.558 Thread 0x000000001d5c5000 DEOPT UNPACKING pc=0x000000000254557b sp=0x0000000020d2b628 mode 2
Event: 232.713 Thread 0x000000001d5c5000 DEOPT PACKING pc=0x000000000503beda sp=0x0000000020d2b210
Event: 232.713 Thread 0x000000001d5c5000 DEOPT UNPACKING pc=0x00000000025475d0 sp=0x0000000020d2af40 mode 0


Dynamic libraries:
0x00007ff74ac20000 - 0x00007ff74ac51000 	C:\Program Files\Android\Android Studio\jre\bin\java.exe
0x00007ff83a870000 - 0x00007ff83aa66000 	C:\WINDOWS\SYSTEM32\ntdll.dll
0x00007ff838bd0000 - 0x00007ff838c8d000 	C:\WINDOWS\System32\KERNEL32.DLL
0x00007ff8385e0000 - 0x00007ff8388a8000 	C:\WINDOWS\System32\KERNELBASE.dll
0x00007ff8394c0000 - 0x00007ff83956a000 	C:\WINDOWS\System32\ADVAPI32.dll
0x00007ff83a440000 - 0x00007ff83a4de000 	C:\WINDOWS\System32\msvcrt.dll
0x00007ff83a270000 - 0x00007ff83a30b000 	C:\WINDOWS\System32\sechost.dll
0x00007ff83a140000 - 0x00007ff83a264000 	C:\WINDOWS\System32\RPCRT4.dll
0x00007ff839070000 - 0x00007ff839210000 	C:\WINDOWS\System32\USER32.dll
0x00007ff8388b0000 - 0x00007ff8388d2000 	C:\WINDOWS\System32\win32u.dll
0x00007ff839340000 - 0x00007ff83936a000 	C:\WINDOWS\System32\GDI32.dll
0x00007ff8380c0000 - 0x00007ff8381c9000 	C:\WINDOWS\System32\gdi32full.dll
0x00007ff838430000 - 0x00007ff8384cd000 	C:\WINDOWS\System32\msvcp_win.dll
0x00007ff837fc0000 - 0x00007ff8380c0000 	C:\WINDOWS\System32\ucrtbase.dll
0x00007ff828950000 - 0x00007ff828beb000 	C:\WINDOWS\WinSxS\amd64_microsoft.windows.common-controls_6595b64144ccf1df_6.0.19041.488_none_ca04af081b815d21\COMCTL32.dll
0x00007ff8393e0000 - 0x00007ff839410000 	C:\WINDOWS\System32\IMM32.DLL
0x0000000066d70000 - 0x0000000066e42000 	C:\Program Files\Android\Android Studio\jre\jre\bin\msvcr100.dll
0x0000000067880000 - 0x00000000680cb000 	C:\Program Files\Android\Android Studio\jre\jre\bin\server\jvm.dll
0x00007ff83a820000 - 0x00007ff83a828000 	C:\WINDOWS\System32\PSAPI.DLL
0x00007ff822e00000 - 0x00007ff822e09000 	C:\WINDOWS\SYSTEM32\WSOCK32.dll
0x00007ff839370000 - 0x00007ff8393db000 	C:\WINDOWS\System32\WS2_32.dll
0x00007ff82a8c0000 - 0x00007ff82a8ca000 	C:\WINDOWS\SYSTEM32\VERSION.dll
0x00007ff82bf80000 - 0x00007ff82bfa7000 	C:\WINDOWS\SYSTEM32\WINMM.dll
0x00007ff830a90000 - 0x00007ff830a9f000 	C:\Program Files\Android\Android Studio\jre\jre\bin\verify.dll
0x00007ff801e60000 - 0x00007ff801e89000 	C:\Program Files\Android\Android Studio\jre\jre\bin\java.dll
0x00007ff801d10000 - 0x00007ff801d26000 	C:\Program Files\Android\Android Studio\jre\jre\bin\zip.dll
0x00007ff839a00000 - 0x00007ff83a140000 	C:\WINDOWS\System32\SHELL32.dll
0x00007ff836110000 - 0x00007ff8368a4000 	C:\WINDOWS\SYSTEM32\windows.storage.dll
0x00007ff838c90000 - 0x00007ff838fe5000 	C:\WINDOWS\System32\combase.dll
0x00007ff837960000 - 0x00007ff83798c000 	C:\WINDOWS\SYSTEM32\Wldp.dll
0x00007ff838ab0000 - 0x00007ff838b5e000 	C:\WINDOWS\System32\SHCORE.dll
0x00007ff838b70000 - 0x00007ff838bc5000 	C:\WINDOWS\System32\shlwapi.dll
0x00007ff837ef0000 - 0x00007ff837f16000 	C:\WINDOWS\SYSTEM32\profapi.dll
0x00007ff800590000 - 0x00007ff8005aa000 	C:\Program Files\Android\Android Studio\jre\jre\bin\net.dll
0x00007ff8376e0000 - 0x00007ff83774a000 	C:\WINDOWS\system32\mswsock.dll
0x00007ff8000c0000 - 0x00007ff8000d3000 	C:\Program Files\Android\Android Studio\jre\jre\bin\nio.dll
0x00007ff803af0000 - 0x00007ff803b17000 	C:\Users\Nischal\.gradle\native\f6784746aeab05261644944871eae4fe03e0ef1612fff0a4a95f87b438bc6780\windows-amd64\native-platform.dll
0x00007ff8287c0000 - 0x00007ff8287cd000 	C:\Program Files\Android\Android Studio\jre\jre\bin\management.dll
0x00007ff8378b0000 - 0x00007ff8378c8000 	C:\WINDOWS\SYSTEM32\CRYPTSP.dll
0x00007ff837070000 - 0x00007ff8370a4000 	C:\WINDOWS\system32\rsaenh.dll
0x00007ff8381d0000 - 0x00007ff8381f7000 	C:\WINDOWS\System32\bcrypt.dll
0x00007ff837e70000 - 0x00007ff837e9e000 	C:\WINDOWS\SYSTEM32\USERENV.dll
0x00007ff838200000 - 0x00007ff83827f000 	C:\WINDOWS\System32\bcryptprimitives.dll
0x00007ff8378d0000 - 0x00007ff8378dc000 	C:\WINDOWS\SYSTEM32\CRYPTBASE.dll
0x00007ff8373d0000 - 0x00007ff83740b000 	C:\WINDOWS\SYSTEM32\IPHLPAPI.DLL
0x00007ff838b60000 - 0x00007ff838b69000 	C:\WINDOWS\System32\NSI.dll
0x00007ff82c1b0000 - 0x00007ff82c1c7000 	C:\WINDOWS\SYSTEM32\dhcpcsvc6.DLL
0x00007ff82c9c0000 - 0x00007ff82c9dd000 	C:\WINDOWS\SYSTEM32\dhcpcsvc.DLL
0x00007ff837410000 - 0x00007ff8374db000 	C:\WINDOWS\SYSTEM32\DNSAPI.dll
0x00007ff82cfd0000 - 0x00007ff82cfdb000 	C:\WINDOWS\SYSTEM32\WINNSI.DLL

VM Arguments:
jvm_args: -Xmx2048m -Dfile.encoding=windows-1252 -Duser.country=IN -Duser.language=en -Duser.variant 
java_command: org.gradle.launcher.daemon.bootstrap.GradleDaemon 6.5
java_class_path (initial): C:\Users\Nischal\.gradle\wrapper\dists\gradle-6.5-all\2oz4ud9k3tuxjg84bbf55q0tn\gradle-6.5\lib\gradle-launcher-6.5.jar
Launcher Type: SUN_STANDARD

Environment Variables:
JAVA_HOME=C:\Program Files (x86)\Java\jdk1.8.0_261
PATH=C:\Program Files (x86)\Intel\iCLS Client\;C:\Program Files\Intel\iCLS Client\;C:\WINDOWS\system32;C:\WINDOWS;C:\WINDOWS\System32\Wbem;C:\WINDOWS\System32\WindowsPowerShell\v1.0\;C:\Program Files (x86)\Intel\Intel(R) Management Engine Components\DAL;C:\Program Files\Intel\Intel(R) Management Engine Components\DAL;C:\Program Files (x86)\Intel\Intel(R) Management Engine Components\IPT;C:\Program Files\Intel\Intel(R) Management Engine Components\IPT;C:\Program Files\Intel\WiFi\bin\;C:\Program Files\Common Files\Intel\WirelessCommon\;C:\Program Files\Lenovo\Fingerprint Manager Pro\;C:\Program Files (x86)\Common Files\Lenovo;C:\ProgramData\Lenovo\ReadyApps;C:\xampp\php;C:\composer;C:\WINDOWS\System32\OpenSSH\;C:\Program Files\Git\cmd;C:\Program Files\Git\mingw64\bin;C:\Program Files\Git\usr\bin;C:\Program Files (x86)\Java\jdk1.8.0_261\bin;C:\Users\Nischal\AppData\Local\Programs\Python\Python38-32\Scripts\;C:\Users\Nischal\AppData\Local\Programs\Python\Python38-32\;C:\Users\Nischal\AppData\Local\Programs\Microsoft VS Code\bin;C:\Users\Nischal\AppData\Roaming\Composer\vendor\bin;C:\Users\Nischal\AppData\Local\Microsoft\WindowsApps
USERNAME=Nischal
OS=Windows_NT
PROCESSOR_IDENTIFIER=Intel64 Family 6 Model 61 Stepping 4, GenuineIntel



---------------  S Y S T E M  ---------------

OS: Windows 10.0 , 64 bit Build 19041 (10.0.19041.546)

CPU:total 4 (initial active 4) (2 cores per cpu, 2 threads per core) family 6 model 61 stepping 4, cmov, cx8, fxsr, mmx, sse, sse2, sse3, ssse3, sse4.1, sse4.2, popcnt, avx, avx2, aes, clmul, erms, 3dnowpref, lzcnt, ht, tsc, tscinvbit, bmi1, bmi2, adx

Memory: 4k page, physical 4102768k(196276k free), swap 10613556k(1596k free)

vm_info: OpenJDK 64-Bit Server VM (25.242-b01) for windows-amd64 JRE (1.8.0_242-release-1644-b01), built by "builder" with MS VC++ 10.0 (VS2010)

time: Mon Nov 02 20:24:21 2020
timezone: India Standard Time
elapsed time: 232 seconds (0d 0h 3m 52s)

