#
# There is insufficient memory for the Java Runtime Environment to continue.
# Native memory allocation (malloc) failed to allocate 1974800 bytes for Chunk::new
# Possible reasons:
#   The system is out of physical RAM or swap space
#   The process is running with CompressedOops enabled, and the Java Heap may be blocking the growth of the native heap
# Possible solutions:
#   Reduce memory load on the system
#   Increase physical memory or swap space
#   Check if swap backing store is full
#   Decrease Java heap size (-Xmx/-Xms)
#   Decrease number of Java threads
#   Decrease Java thread stack sizes (-Xss)
#   Set larger code cache with -XX:ReservedCodeCacheSize=
#   JVM is running with Unscaled Compressed Oops mode in which the Java heap is
#     placed in the first 4GB address space. The Java Heap base address is the
#     maximum limit for the native heap growth. Please use -XX:HeapBaseMinAddress
#     to set the Java Heap base and to place the Java Heap above 4GB virtual address.
# This output file may be truncated or incomplete.
#
#  Out of Memory Error (allocation.cpp:389), pid=14604, tid=0x00000000000040cc
#
# JRE version: OpenJDK Runtime Environment (8.0_242-b01) (build 1.8.0_242-release-1644-b01)
# Java VM: OpenJDK 64-Bit Server VM (25.242-b01 mixed mode windows-amd64 compressed oops)
# Failed to write core dump. Minidumps are not enabled by default on client versions of Windows
#

---------------  T H R E A D  ---------------

Current thread (0x0000000017e4b000):  JavaThread "C2 CompilerThread1" daemon [_thread_in_native, id=16588, stack(0x0000000019590000,0x0000000019690000)]

Stack: [0x0000000019590000,0x0000000019690000]
[error occurred during error reporting (printing stack bounds), id 0xc0000005]

Native frames: (J=compiled Java code, j=interpreted, Vv=VM code, C=native code)


Current CompileTask:
C2: 139031 15273   !   4       com.android.tools.r8.dex.r::c (2729 bytes)


---------------  P R O C E S S  ---------------

Java Threads: ( => current thread )
  0x0000000029383000 JavaThread "WorkerExecutor Queue Thread 3" [_thread_blocked, id=7004, stack(0x000000002b0f0000,0x000000002b1f0000)]
  0x000000002937b800 JavaThread "WorkerExecutor Queue Thread 2" [_thread_blocked, id=15524, stack(0x000000002aff0000,0x000000002b0f0000)]
  0x0000000029381800 JavaThread "WorkerExecutor Queue" [_thread_blocked, id=18628, stack(0x000000002aef0000,0x000000002aff0000)]
  0x0000000029380000 JavaThread "Cache worker for execution history cache (C:\Users\Nischal\AndroidStudioProjects\ShieldFox\.gradle\6.5\executionHistory)" [_thread_blocked, id=19624, stack(0x000000002a7f0000,0x000000002a8f0000)]
  0x000000002937f800 JavaThread "Execution worker for ':' Thread 3" [_thread_blocked, id=12016, stack(0x000000002a6f0000,0x000000002a7f0000)]
  0x0000000029378800 JavaThread "Execution worker for ':' Thread 2" [_thread_blocked, id=20484, stack(0x000000002a5f0000,0x000000002a6f0000)]
  0x0000000029379800 JavaThread "Execution worker for ':'" [_thread_blocked, id=20636, stack(0x000000002a4f0000,0x000000002a5f0000)]
  0x000000002937b000 JavaThread "Cache worker for file content cache (C:\Users\Nischal\AndroidStudioProjects\ShieldFox\.gradle\6.5\fileContent)" [_thread_blocked, id=10036, stack(0x0000000028d50000,0x0000000028e50000)]
  0x000000002937e800 JavaThread "Memory manager" [_thread_blocked, id=13580, stack(0x0000000028410000,0x0000000028510000)]
  0x000000001bd75000 JavaThread "pool-1-thread-1" [_thread_blocked, id=21124, stack(0x0000000027f10000,0x0000000028010000)]
  0x000000001bd70800 JavaThread "Cache worker for Build Output Cleanup Cache (C:\Users\Nischal\AndroidStudioProjects\ShieldFox\.gradle\buildOutputCleanup)" [_thread_blocked, id=19428, stack(0x0000000027c10000,0x0000000027d10000)]
  0x000000001e985800 JavaThread "Build operations Thread 4" [_thread_blocked, id=19324, stack(0x0000000021c10000,0x0000000021d10000)]
  0x000000001e97f800 JavaThread "Build operations Thread 3" [_thread_blocked, id=16888, stack(0x0000000021b10000,0x0000000021c10000)]
  0x000000001e985000 JavaThread "Build operations Thread 2" [_thread_blocked, id=18352, stack(0x0000000021a10000,0x0000000021b10000)]
  0x000000001e981000 JavaThread "Build operations" [_thread_in_Java, id=4652, stack(0x0000000021910000,0x0000000021a10000)]
  0x000000001e982800 JavaThread "Cache worker for file content cache (C:\Users\Nischal\.gradle\caches\6.5\fileContent)" [_thread_blocked, id=13636, stack(0x0000000021210000,0x0000000021310000)]
  0x000000001ab5b800 JavaThread "Cache worker for execution history cache (C:\Users\Nischal\.gradle\caches\6.5\executionHistory)" [_thread_blocked, id=10032, stack(0x0000000020a10000,0x0000000020b10000)]
  0x000000001ab5b000 JavaThread "Cache worker for cache directory md-rule (C:\Users\Nischal\.gradle\caches\6.5\md-rule)" [_thread_blocked, id=17076, stack(0x0000000020910000,0x0000000020a10000)]
  0x000000001ab61800 JavaThread "Cache worker for cache directory md-supplier (C:\Users\Nischal\.gradle\caches\6.5\md-supplier)" [_thread_blocked, id=10556, stack(0x0000000020810000,0x0000000020910000)]
  0x000000001ab61000 JavaThread "Cache worker for checksums cache (C:\Users\Nischal\AndroidStudioProjects\ShieldFox\.gradle\checksums)" [_thread_blocked, id=7156, stack(0x0000000020710000,0x0000000020810000)]
  0x000000001ab60000 JavaThread "Cache worker for file hash cache (C:\Users\Nischal\AndroidStudioProjects\ShieldFox\.gradle\6.5\fileHashes)" [_thread_blocked, id=6860, stack(0x000000001f180000,0x000000001f280000)]
  0x000000001ab5e800 JavaThread "Cache worker for file hash cache (C:\Users\Nischal\.gradle\caches\6.5\fileHashes)" [_thread_blocked, id=17564, stack(0x000000001deb0000,0x000000001dfb0000)]
  0x000000001ab5d000 JavaThread "File lock request listener" [_thread_in_native, id=6352, stack(0x000000001ddb0000,0x000000001deb0000)]
  0x000000001ab5f800 JavaThread "Cache worker for journal cache (C:\Users\Nischal\.gradle\caches\journal-1)" [_thread_blocked, id=14660, stack(0x000000001dbb0000,0x000000001dcb0000)]
  0x00000000198ee800 JavaThread "Thread-9" [_thread_blocked, id=4404, stack(0x000000001d8b0000,0x000000001d9b0000)]
  0x0000000019ab4800 JavaThread "Asynchronous log dispatcher for DefaultDaemonConnection: socket connection from /127.0.0.1:57560 to /127.0.0.1:57561" [_thread_blocked, id=1180, stack(0x000000001d6b0000,0x000000001d7b0000)]
  0x000000001adaa000 JavaThread "Daemon worker" [_thread_blocked, id=14648, stack(0x000000001d5b0000,0x000000001d6b0000)]
  0x000000001ada9000 JavaThread "Cancel handler" [_thread_blocked, id=12896, stack(0x000000001d4b0000,0x000000001d5b0000)]
  0x000000001ad8a800 JavaThread "Handler for socket connection from /127.0.0.1:57560 to /127.0.0.1:57561" [_thread_in_native, id=3792, stack(0x000000001d3b0000,0x000000001d4b0000)]
  0x000000001a2ea800 JavaThread "Daemon" [_thread_blocked, id=7384, stack(0x000000001d2b0000,0x000000001d3b0000)]
  0x000000001a2e8000 JavaThread "Daemon periodic checks" [_thread_blocked, id=14876, stack(0x000000001cfb0000,0x000000001d0b0000)]
  0x0000000019910000 JavaThread "Incoming local TCP Connector on port 57560" [_thread_in_native, id=18936, stack(0x000000001cd70000,0x000000001ce70000)]
  0x000000001a58a000 JavaThread "Daemon health stats" [_thread_blocked, id=9464, stack(0x000000001b760000,0x000000001b860000)]
  0x0000000017e9d000 JavaThread "Service Thread" daemon [_thread_blocked, id=14644, stack(0x0000000019b90000,0x0000000019c90000)]
  0x0000000017e51800 JavaThread "C1 CompilerThread2" daemon [_thread_blocked, id=21328, stack(0x0000000019690000,0x0000000019790000)]
=>0x0000000017e4b000 JavaThread "C2 CompilerThread1" daemon [_thread_in_native, id=16588, stack(0x0000000019590000,0x0000000019690000)]
  0x0000000017e42000 JavaThread "C2 CompilerThread0" daemon [_thread_in_native, id=796, stack(0x0000000019490000,0x0000000019590000)]
  0x0000000017e41000 JavaThread "Attach Listener" daemon [_thread_blocked, id=15772, stack(0x0000000019390000,0x0000000019490000)]
  0x0000000017e45800 JavaThread "Signal Dispatcher" daemon [_thread_blocked, id=14100, stack(0x0000000019290000,0x0000000019390000)]
  0x00000000031eb800 JavaThread "Finalizer" daemon [_thread_blocked, id=1864, stack(0x0000000019090000,0x0000000019190000)]
  0x0000000017e29000 JavaThread "Reference Handler" daemon [_thread_blocked, id=21384, stack(0x0000000018f90000,0x0000000019090000)]
  0x000000000132e800 JavaThread "main" [_thread_blocked, id=8972, stack(0x0000000001830000,0x0000000001930000)]

Other Threads:
  0x0000000017e07800 VMThread [stack: 0x0000000018e90000,0x0000000018f90000] [id=18772]
  0x0000000017e9d800 WatcherThread [stack: 0x0000000019c90000,0x0000000019d90000] [id=17048]

VM state:not at safepoint (normal execution)

VM Mutex/Monitor currently owned by a thread: None

heap address: 0x0000000080000000, size: 2048 MB, Compressed Oops mode: 32-bit
Narrow klass base: 0x0000000000000000, Narrow klass shift: 3
Compressed class space size: 1073741824 Address: 0x0000000100000000

Heap:
 PSYoungGen      total 667136K, used 398941K [0x00000000d5580000, 0x00000000ffe00000, 0x0000000100000000)
  eden space 636928K, 61% used [0x00000000d5580000,0x00000000ed4eb348,0x00000000fc380000)
  from space 30208K, 20% used [0x00000000fc380000,0x00000000fc9ac210,0x00000000fe100000)
  to   space 29184K, 0% used [0x00000000fe180000,0x00000000fe180000,0x00000000ffe00000)
 ParOldGen       total 160256K, used 134219K [0x0000000080000000, 0x0000000089c80000, 0x00000000d5580000)
  object space 160256K, 83% used [0x0000000080000000,0x0000000088312f68,0x0000000089c80000)
 Metaspace       used 80148K, capacity 84446K, committed 84632K, reserved 1122304K
  class space    used 10869K, capacity 11645K, committed 11696K, reserved 1048576K

Card table byte_map: [0x00000000125b0000,0x00000000129c0000] byte_map_base: 0x00000000121b0000

Marking Bits: (ParMarkBitMap*) 0x000000006804f030
 Begin Bits: [0x0000000013070000, 0x0000000015070000)
 End Bits:   [0x0000000015070000, 0x0000000017070000)

Polling page: 0x0000000001330000

CodeCache: size=245760Kb used=43700Kb max_used=44888Kb free=202059Kb
 bounds [0x00000000031f0000, 0x0000000005e50000, 0x00000000121f0000]
 total_blobs=13206 nmethods=12383 adapters=732
 compilation: enabled

Compilation events (10 events):
Event: 138.831 Thread 0x0000000017e51800 15315       2       com.android.tools.r8.graph.X0::b (10 bytes)
Event: 138.831 Thread 0x0000000017e51800 nmethod 15315 0x0000000004f35c10 code [0x0000000004f35d80, 0x0000000004f35f08]
Event: 138.831 Thread 0x0000000017e51800 15316       2       com.android.tools.r8.t.a.a.a.h.y::iterator (5 bytes)
Event: 138.831 Thread 0x0000000017e51800 nmethod 15316 0x0000000005213710 code [0x0000000005213880, 0x0000000005213a08]
Event: 138.858 Thread 0x0000000017e51800 15318       2       com.android.tools.r8.q.a.a.b.B2::<init> (5 bytes)
Event: 138.859 Thread 0x0000000017e51800 nmethod 15318 0x00000000052133d0 code [0x0000000005213520, 0x0000000005213670]
Event: 139.022 Thread 0x0000000017e51800 15320       2       com.android.tools.r8.graph.u::a (19 bytes)
Event: 139.023 Thread 0x0000000017e51800 nmethod 15320 0x0000000005212f90 code [0x0000000005213100, 0x00000000052132c8]
Event: 139.023 Thread 0x0000000017e51800 15321       2       com.android.tools.r8.graph.l0$o::<init> (7 bytes)
Event: 139.023 Thread 0x0000000017e51800 nmethod 15321 0x0000000004e50ed0 code [0x0000000004e51020, 0x0000000004e51190]

GC Heap History (10 events):
Event: 117.270 GC heap before
{Heap before GC invocations=25 (full 4):
 PSYoungGen      total 578560K, used 562979K [0x00000000d5580000, 0x00000000fb500000, 0x0000000100000000)
  eden space 557568K, 100% used [0x00000000d5580000,0x00000000f7600000,0x00000000f7600000)
  from space 20992K, 25% used [0x00000000fa080000,0x00000000fa5c8db0,0x00000000fb500000)
  to   space 32256K, 0% used [0x00000000f7600000,0x00000000f7600000,0x00000000f9580000)
 ParOldGen       total 160256K, used 113722K [0x0000000080000000, 0x0000000089c80000, 0x00000000d5580000)
  object space 160256K, 70% used [0x0000000080000000,0x0000000086f0e9d8,0x0000000089c80000)
 Metaspace       used 79963K, capacity 84138K, committed 84376K, reserved 1122304K
  class space    used 10863K, capacity 11639K, committed 11696K, reserved 1048576K
Event: 117.705 GC heap after
Heap after GC invocations=25 (full 4):
 PSYoungGen      total 589824K, used 10604K [0x00000000d5580000, 0x0000000100000000, 0x0000000100000000)
  eden space 557568K, 0% used [0x00000000d5580000,0x00000000d5580000,0x00000000f7600000)
  from space 32256K, 32% used [0x00000000f7600000,0x00000000f805b030,0x00000000f9580000)
  to   space 30208K, 0% used [0x00000000fe280000,0x00000000fe280000,0x0000000100000000)
 ParOldGen       total 160256K, used 116245K [0x0000000080000000, 0x0000000089c80000, 0x00000000d5580000)
  object space 160256K, 72% used [0x0000000080000000,0x0000000087185700,0x0000000089c80000)
 Metaspace       used 79963K, capacity 84138K, committed 84376K, reserved 1122304K
  class space    used 10863K, capacity 11639K, committed 11696K, reserved 1048576K
}
Event: 124.510 GC heap before
{Heap before GC invocations=26 (full 4):
 PSYoungGen      total 589824K, used 568172K [0x00000000d5580000, 0x0000000100000000, 0x0000000100000000)
  eden space 557568K, 100% used [0x00000000d5580000,0x00000000f7600000,0x00000000f7600000)
  from space 32256K, 32% used [0x00000000f7600000,0x00000000f805b030,0x00000000f9580000)
  to   space 30208K, 0% used [0x00000000fe280000,0x00000000fe280000,0x0000000100000000)
 ParOldGen       total 160256K, used 116245K [0x0000000080000000, 0x0000000089c80000, 0x00000000d5580000)
  object space 160256K, 72% used [0x0000000080000000,0x0000000087185700,0x0000000089c80000)
 Metaspace       used 80040K, capacity 84232K, committed 84376K, reserved 1122304K
  class space    used 10868K, capacity 11644K, committed 11696K, reserved 1048576K
Event: 124.585 GC heap after
Heap after GC invocations=26 (full 4):
 PSYoungGen      total 665600K, used 20396K [0x00000000d5580000, 0x0000000100000000, 0x0000000100000000)
  eden space 635392K, 0% used [0x00000000d5580000,0x00000000d5580000,0x00000000fc200000)
  from space 30208K, 67% used [0x00000000fe280000,0x00000000ff66b318,0x0000000100000000)
  to   space 31744K, 0% used [0x00000000fc200000,0x00000000fc200000,0x00000000fe100000)
 ParOldGen       total 160256K, used 121324K [0x0000000080000000, 0x0000000089c80000, 0x00000000d5580000)
  object space 160256K, 75% used [0x0000000080000000,0x000000008767b078,0x0000000089c80000)
 Metaspace       used 80040K, capacity 84232K, committed 84376K, reserved 1122304K
  class space    used 10868K, capacity 11644K, committed 11696K, reserved 1048576K
}
Event: 127.894 GC heap before
{Heap before GC invocations=27 (full 4):
 PSYoungGen      total 665600K, used 655788K [0x00000000d5580000, 0x0000000100000000, 0x0000000100000000)
  eden space 635392K, 100% used [0x00000000d5580000,0x00000000fc200000,0x00000000fc200000)
  from space 30208K, 67% used [0x00000000fe280000,0x00000000ff66b318,0x0000000100000000)
  to   space 31744K, 0% used [0x00000000fc200000,0x00000000fc200000,0x00000000fe100000)
 ParOldGen       total 160256K, used 121324K [0x0000000080000000, 0x0000000089c80000, 0x00000000d5580000)
  object space 160256K, 75% used [0x0000000080000000,0x000000008767b078,0x0000000089c80000)
 Metaspace       used 80083K, capacity 84248K, committed 84376K, reserved 1122304K
  class space    used 10868K, capacity 11644K, committed 11696K, reserved 1048576K
Event: 128.007 GC heap after
Heap after GC invocations=27 (full 4):
 PSYoungGen      total 667136K, used 11906K [0x00000000d5580000, 0x00000000ffe80000, 0x0000000100000000)
  eden space 635392K, 0% used [0x00000000d5580000,0x00000000d5580000,0x00000000fc200000)
  from space 31744K, 37% used [0x00000000fc200000,0x00000000fcda08e8,0x00000000fe100000)
  to   space 30208K, 0% used [0x00000000fe100000,0x00000000fe100000,0x00000000ffe80000)
 ParOldGen       total 160256K, used 134219K [0x0000000080000000, 0x0000000089c80000, 0x00000000d5580000)
  object space 160256K, 83% used [0x0000000080000000,0x0000000088312f68,0x0000000089c80000)
 Metaspace       used 80083K, capacity 84248K, committed 84376K, reserved 1122304K
  class space    used 10868K, capacity 11644K, committed 11696K, reserved 1048576K
}
Event: 133.100 GC heap before
{Heap before GC invocations=28 (full 4):
 PSYoungGen      total 667136K, used 647298K [0x00000000d5580000, 0x00000000ffe80000, 0x0000000100000000)
  eden space 635392K, 100% used [0x00000000d5580000,0x00000000fc200000,0x00000000fc200000)
  from space 31744K, 37% used [0x00000000fc200000,0x00000000fcda08e8,0x00000000fe100000)
  to   space 30208K, 0% used [0x00000000fe100000,0x00000000fe100000,0x00000000ffe80000)
 ParOldGen       total 160256K, used 134219K [0x0000000080000000, 0x0000000089c80000, 0x00000000d5580000)
  object space 160256K, 83% used [0x0000000080000000,0x0000000088312f68,0x0000000089c80000)
 Metaspace       used 80100K, capacity 84254K, committed 84376K, reserved 1122304K
  class space    used 10869K, capacity 11645K, committed 11696K, reserved 1048576K
Event: 133.167 GC heap after
Heap after GC invocations=28 (full 4):
 PSYoungGen      total 667136K, used 16909K [0x00000000d5580000, 0x00000000ffe80000, 0x0000000100000000)
  eden space 636928K, 0% used [0x00000000d5580000,0x00000000d5580000,0x00000000fc380000)
  from space 30208K, 55% used [0x00000000fe100000,0x00000000ff1835b8,0x00000000ffe80000)
  to   space 30208K, 0% used [0x00000000fc380000,0x00000000fc380000,0x00000000fe100000)
 ParOldGen       total 160256K, used 134219K [0x0000000080000000, 0x0000000089c80000, 0x00000000d5580000)
  object space 160256K, 83% used [0x0000000080000000,0x0000000088312f68,0x0000000089c80000)
 Metaspace       used 80100K, capacity 84254K, committed 84376K, reserved 1122304K
  class space    used 10869K, capacity 11645K, committed 11696K, reserved 1048576K
}
Event: 136.427 GC heap before
{Heap before GC invocations=29 (full 4):
 PSYoungGen      total 667136K, used 653837K [0x00000000d5580000, 0x00000000ffe80000, 0x0000000100000000)
  eden space 636928K, 100% used [0x00000000d5580000,0x00000000fc380000,0x00000000fc380000)
  from space 30208K, 55% used [0x00000000fe100000,0x00000000ff1835b8,0x00000000ffe80000)
  to   space 30208K, 0% used [0x00000000fc380000,0x00000000fc380000,0x00000000fe100000)
 ParOldGen       total 160256K, used 134219K [0x0000000080000000, 0x0000000089c80000, 0x00000000d5580000)
  object space 160256K, 83% used [0x0000000080000000,0x0000000088312f68,0x0000000089c80000)
 Metaspace       used 80128K, capacity 84318K, committed 84376K, reserved 1122304K
  class space    used 10869K, capacity 11645K, committed 11696K, reserved 1048576K
Event: 136.460 GC heap after
Heap after GC invocations=29 (full 4):
 PSYoungGen      total 667136K, used 6320K [0x00000000d5580000, 0x00000000ffe00000, 0x0000000100000000)
  eden space 636928K, 0% used [0x00000000d5580000,0x00000000d5580000,0x00000000fc380000)
  from space 30208K, 20% used [0x00000000fc380000,0x00000000fc9ac210,0x00000000fe100000)
  to   space 29184K, 0% used [0x00000000fe180000,0x00000000fe180000,0x00000000ffe00000)
 ParOldGen       total 160256K, used 134219K [0x0000000080000000, 0x0000000089c80000, 0x00000000d5580000)
  object space 160256K, 83% used [0x0000000080000000,0x0000000088312f68,0x0000000089c80000)
 Metaspace       used 80128K, capacity 84318K, committed 84376K, reserved 1122304K
  class space    used 10869K, capacity 11645K, committed 11696K, reserved 1048576K
}

Deoptimization events (10 events):
Event: 133.601 Thread 0x000000001e981000 Uncommon trap: reason=bimorphic action=maybe_recompile pc=0x0000000004f09750 method=com.android.tools.r8.s.b.k0.a(Lcom/android/tools/r8/s/b/k0;Lcom/android/tools/r8/ir/regalloc/e;)Z @ 653
Event: 133.601 Thread 0x000000001e981000 Uncommon trap: reason=bimorphic action=maybe_recompile pc=0x0000000004f09750 method=com.android.tools.r8.s.b.k0.a(Lcom/android/tools/r8/s/b/k0;Lcom/android/tools/r8/ir/regalloc/e;)Z @ 653
Event: 133.940 Thread 0x000000001e981000 Uncommon trap: reason=class_check action=maybe_recompile pc=0x00000000057788cc method=com.android.tools.r8.s.b.q1.Z()I @ 19
Event: 136.141 Thread 0x000000001e985800 Uncommon trap: reason=class_check action=maybe_recompile pc=0x0000000005d338f0 method=com.android.tools.r8.ir.regalloc.g.b()V @ 799
Event: 136.369 Thread 0x000000001e985800 Uncommon trap: reason=class_check action=maybe_recompile pc=0x00000000051f15ac method=com.android.tools.r8.s.b.k0.a(Lcom/android/tools/r8/s/b/k0;Lcom/android/tools/r8/ir/regalloc/e;)Z @ 609
Event: 136.369 Thread 0x000000001e985800 Uncommon trap: reason=class_check action=maybe_recompile pc=0x00000000051f15ac method=com.android.tools.r8.s.b.k0.a(Lcom/android/tools/r8/s/b/k0;Lcom/android/tools/r8/ir/regalloc/e;)Z @ 609
Event: 136.369 Thread 0x000000001e985800 Uncommon trap: reason=class_check action=maybe_recompile pc=0x00000000051f15ac method=com.android.tools.r8.s.b.k0.a(Lcom/android/tools/r8/s/b/k0;Lcom/android/tools/r8/ir/regalloc/e;)Z @ 609
Event: 136.369 Thread 0x000000001e985800 Uncommon trap: reason=class_check action=maybe_recompile pc=0x00000000051f15ac method=com.android.tools.r8.s.b.k0.a(Lcom/android/tools/r8/s/b/k0;Lcom/android/tools/r8/ir/regalloc/e;)Z @ 609
Event: 136.372 Thread 0x000000001e985800 Uncommon trap: reason=class_check action=maybe_recompile pc=0x0000000005d338f0 method=com.android.tools.r8.ir.regalloc.g.b()V @ 799
Event: 138.132 Thread 0x000000001e981000 Uncommon trap: reason=unstable_if action=reinterpret pc=0x0000000005d03548 method=com.android.tools.r8.ir.regalloc.a.a(Lcom/android/tools/r8/s/b/p0;Lcom/android/tools/r8/s/b/m0;)V @ 193

Classes redefined (0 events):
No events

Internal exceptions (10 events):
Event: 134.844 Thread 0x000000001e985800 Exception <a 'sun/nio/fs/WindowsException'> (0x00000000ed132078) thrown at [C:\src\AOSP-openjdk-git\hotspot\src\share\vm\prims\jni.cpp, line 710]
Event: 134.926 Thread 0x000000001e985000 Exception <a 'sun/nio/fs/WindowsException'> (0x00000000ee835d40) thrown at [C:\src\AOSP-openjdk-git\hotspot\src\share\vm\prims\jni.cpp, line 710]
Event: 136.742 Thread 0x000000001e985800 Exception <a 'sun/nio/fs/WindowsException'> (0x00000000d818e9d8) thrown at [C:\src\AOSP-openjdk-git\hotspot\src\share\vm\prims\jni.cpp, line 710]
Event: 136.799 Thread 0x000000001e985800 Exception <a 'sun/nio/fs/WindowsException'> (0x00000000d81e7fe0) thrown at [C:\src\AOSP-openjdk-git\hotspot\src\share\vm\prims\jni.cpp, line 710]
Event: 136.801 Thread 0x000000001e97f800 Exception <a 'sun/nio/fs/WindowsException'> (0x00000000d8616468) thrown at [C:\src\AOSP-openjdk-git\hotspot\src\share\vm\prims\jni.cpp, line 710]
Event: 136.811 Thread 0x000000001e97f800 Exception <a 'sun/nio/fs/WindowsException'> (0x00000000d86cee68) thrown at [C:\src\AOSP-openjdk-git\hotspot\src\share\vm\prims\jni.cpp, line 710]
Event: 136.850 Thread 0x000000001e985800 Exception <a 'sun/nio/fs/WindowsException'> (0x00000000d9147da0) thrown at [C:\src\AOSP-openjdk-git\hotspot\src\share\vm\prims\jni.cpp, line 710]
Event: 136.917 Thread 0x000000001e981000 Exception <a 'sun/nio/fs/WindowsException'> (0x00000000d95154d8) thrown at [C:\src\AOSP-openjdk-git\hotspot\src\share\vm\prims\jni.cpp, line 710]
Event: 137.944 Thread 0x000000001e981000 Exception <a 'sun/nio/fs/WindowsException'> (0x00000000e39288f8) thrown at [C:\src\AOSP-openjdk-git\hotspot\src\share\vm\prims\jni.cpp, line 710]
Event: 138.027 Thread 0x000000001e981000 Exception <a 'sun/nio/fs/WindowsException'> (0x00000000e3c3d6c8) thrown at [C:\src\AOSP-openjdk-git\hotspot\src\share\vm\prims\jni.cpp, line 710]

Events (10 events):
Event: 138.674 Thread 0x000000001e981000 DEOPT PACKING pc=0x000000000574b8fb sp=0x0000000021a09f50
Event: 138.675 Thread 0x000000001e981000 DEOPT UNPACKING pc=0x00000000032375d0 sp=0x0000000021a09f98 mode 0
Event: 138.818 Thread 0x000000001e981000 DEOPT PACKING pc=0x000000000574b8fb sp=0x0000000021a09f50
Event: 138.818 Thread 0x000000001e981000 DEOPT UNPACKING pc=0x00000000032375d0 sp=0x0000000021a09f98 mode 0
Event: 138.857 Thread 0x000000001e981000 DEOPT PACKING pc=0x000000000574b66e sp=0x0000000021a09b70
Event: 138.857 Thread 0x000000001e981000 DEOPT UNPACKING pc=0x00000000032375d0 sp=0x0000000021a09bc0 mode 0
Event: 138.939 Thread 0x000000001e981000 DEOPT PACKING pc=0x000000000574b8fb sp=0x0000000021a09f40
Event: 138.939 Thread 0x000000001e981000 DEOPT UNPACKING pc=0x00000000032375d0 sp=0x0000000021a09f88 mode 0
Event: 139.000 Thread 0x000000001e981000 DEOPT PACKING pc=0x000000000574b8fb sp=0x0000000021a09f50
Event: 139.000 Thread 0x000000001e981000 DEOPT UNPACKING pc=0x00000000032375d0 sp=0x0000000021a09f98 mode 0


Dynamic libraries:
0x00007ff6090e0000 - 0x00007ff609111000 	C:\Program Files\Android\Android Studio\jre\bin\java.exe
0x00007ff83a870000 - 0x00007ff83aa66000 	C:\WINDOWS\SYSTEM32\ntdll.dll
0x00007ff838bd0000 - 0x00007ff838c8d000 	C:\WINDOWS\System32\KERNEL32.DLL
0x00007ff8385e0000 - 0x00007ff8388a8000 	C:\WINDOWS\System32\KERNELBASE.dll
0x00007ff8394c0000 - 0x00007ff83956a000 	C:\WINDOWS\System32\ADVAPI32.dll
0x00007ff83a440000 - 0x00007ff83a4de000 	C:\WINDOWS\System32\msvcrt.dll
0x00007ff83a270000 - 0x00007ff83a30b000 	C:\WINDOWS\System32\sechost.dll
0x00007ff83a140000 - 0x00007ff83a264000 	C:\WINDOWS\System32\RPCRT4.dll
0x00007ff839070000 - 0x00007ff839210000 	C:\WINDOWS\System32\USER32.dll
0x00007ff8388b0000 - 0x00007ff8388d2000 	C:\WINDOWS\System32\win32u.dll
0x00007ff839340000 - 0x00007ff83936a000 	C:\WINDOWS\System32\GDI32.dll
0x00007ff8380c0000 - 0x00007ff8381c9000 	C:\WINDOWS\System32\gdi32full.dll
0x00007ff838430000 - 0x00007ff8384cd000 	C:\WINDOWS\System32\msvcp_win.dll
0x00007ff837fc0000 - 0x00007ff8380c0000 	C:\WINDOWS\System32\ucrtbase.dll
0x00007ff828950000 - 0x00007ff828beb000 	C:\WINDOWS\WinSxS\amd64_microsoft.windows.common-controls_6595b64144ccf1df_6.0.19041.488_none_ca04af081b815d21\COMCTL32.dll
0x00007ff8393e0000 - 0x00007ff839410000 	C:\WINDOWS\System32\IMM32.DLL
0x0000000066d70000 - 0x0000000066e42000 	C:\Program Files\Android\Android Studio\jre\jre\bin\msvcr100.dll
0x0000000067880000 - 0x00000000680cb000 	C:\Program Files\Android\Android Studio\jre\jre\bin\server\jvm.dll
0x00007ff83a820000 - 0x00007ff83a828000 	C:\WINDOWS\System32\PSAPI.DLL
0x00007ff822e00000 - 0x00007ff822e09000 	C:\WINDOWS\SYSTEM32\WSOCK32.dll
0x00007ff839370000 - 0x00007ff8393db000 	C:\WINDOWS\System32\WS2_32.dll
0x00007ff82a8c0000 - 0x00007ff82a8ca000 	C:\WINDOWS\SYSTEM32\VERSION.dll
0x00007ff82bf80000 - 0x00007ff82bfa7000 	C:\WINDOWS\SYSTEM32\WINMM.dll
0x00007ff830a90000 - 0x00007ff830a9f000 	C:\Program Files\Android\Android Studio\jre\jre\bin\verify.dll
0x00007ff801e60000 - 0x00007ff801e89000 	C:\Program Files\Android\Android Studio\jre\jre\bin\java.dll
0x00007ff801d10000 - 0x00007ff801d26000 	C:\Program Files\Android\Android Studio\jre\jre\bin\zip.dll
0x00007ff839a00000 - 0x00007ff83a140000 	C:\WINDOWS\System32\SHELL32.dll
0x00007ff836110000 - 0x00007ff8368a4000 	C:\WINDOWS\SYSTEM32\windows.storage.dll
0x00007ff838c90000 - 0x00007ff838fe5000 	C:\WINDOWS\System32\combase.dll
0x00007ff837960000 - 0x00007ff83798c000 	C:\WINDOWS\SYSTEM32\Wldp.dll
0x00007ff838ab0000 - 0x00007ff838b5e000 	C:\WINDOWS\System32\SHCORE.dll
0x00007ff838b70000 - 0x00007ff838bc5000 	C:\WINDOWS\System32\shlwapi.dll
0x00007ff837ef0000 - 0x00007ff837f16000 	C:\WINDOWS\SYSTEM32\profapi.dll
0x00007ff800590000 - 0x00007ff8005aa000 	C:\Program Files\Android\Android Studio\jre\jre\bin\net.dll
0x00007ff8376e0000 - 0x00007ff83774a000 	C:\WINDOWS\system32\mswsock.dll
0x00007ff8000c0000 - 0x00007ff8000d3000 	C:\Program Files\Android\Android Studio\jre\jre\bin\nio.dll
0x00007ff803af0000 - 0x00007ff803b17000 	C:\Users\Nischal\.gradle\native\f6784746aeab05261644944871eae4fe03e0ef1612fff0a4a95f87b438bc6780\windows-amd64\native-platform.dll
0x00007ff8287c0000 - 0x00007ff8287cd000 	C:\Program Files\Android\Android Studio\jre\jre\bin\management.dll
0x00007ff8378b0000 - 0x00007ff8378c8000 	C:\WINDOWS\SYSTEM32\CRYPTSP.dll
0x00007ff837070000 - 0x00007ff8370a4000 	C:\WINDOWS\system32\rsaenh.dll
0x00007ff8381d0000 - 0x00007ff8381f7000 	C:\WINDOWS\System32\bcrypt.dll
0x00007ff837e70000 - 0x00007ff837e9e000 	C:\WINDOWS\SYSTEM32\USERENV.dll
0x00007ff838200000 - 0x00007ff83827f000 	C:\WINDOWS\System32\bcryptprimitives.dll
0x00007ff8378d0000 - 0x00007ff8378dc000 	C:\WINDOWS\SYSTEM32\CRYPTBASE.dll
0x00007ff8373d0000 - 0x00007ff83740b000 	C:\WINDOWS\SYSTEM32\IPHLPAPI.DLL
0x00007ff838b60000 - 0x00007ff838b69000 	C:\WINDOWS\System32\NSI.dll
0x00007ff82c1b0000 - 0x00007ff82c1c7000 	C:\WINDOWS\SYSTEM32\dhcpcsvc6.DLL
0x00007ff82c9c0000 - 0x00007ff82c9dd000 	C:\WINDOWS\SYSTEM32\dhcpcsvc.DLL
0x00007ff837410000 - 0x00007ff8374db000 	C:\WINDOWS\SYSTEM32\DNSAPI.dll
0x00007ff82cfd0000 - 0x00007ff82cfdb000 	C:\WINDOWS\SYSTEM32\WINNSI.DLL

VM Arguments:
jvm_args: -Xmx2048m -Dfile.encoding=windows-1252 -Duser.country=IN -Duser.language=en -Duser.variant 
java_command: org.gradle.launcher.daemon.bootstrap.GradleDaemon 6.5
java_class_path (initial): C:\Users\Nischal\.gradle\wrapper\dists\gradle-6.5-all\2oz4ud9k3tuxjg84bbf55q0tn\gradle-6.5\lib\gradle-launcher-6.5.jar
Launcher Type: SUN_STANDARD

Environment Variables:
JAVA_HOME=C:\Program Files (x86)\Java\jdk1.8.0_261
PATH=C:\Program Files (x86)\Intel\iCLS Client\;C:\Program Files\Intel\iCLS Client\;C:\WINDOWS\system32;C:\WINDOWS;C:\WINDOWS\System32\Wbem;C:\WINDOWS\System32\WindowsPowerShell\v1.0\;C:\Program Files (x86)\Intel\Intel(R) Management Engine Components\DAL;C:\Program Files\Intel\Intel(R) Management Engine Components\DAL;C:\Program Files (x86)\Intel\Intel(R) Management Engine Components\IPT;C:\Program Files\Intel\Intel(R) Management Engine Components\IPT;C:\Program Files\Intel\WiFi\bin\;C:\Program Files\Common Files\Intel\WirelessCommon\;C:\Program Files\Lenovo\Fingerprint Manager Pro\;C:\Program Files (x86)\Common Files\Lenovo;C:\ProgramData\Lenovo\ReadyApps;C:\xampp\php;C:\composer;C:\WINDOWS\System32\OpenSSH\;C:\Program Files\Git\cmd;C:\Program Files\Git\mingw64\bin;C:\Program Files\Git\usr\bin;C:\Program Files (x86)\Java\jdk1.8.0_261\bin;C:\Users\Nischal\AppData\Local\Programs\Python\Python38-32\Scripts\;C:\Users\Nischal\AppData\Local\Programs\Python\Python38-32\;C:\Users\Nischal\AppData\Local\Programs\Microsoft VS Code\bin;C:\Users\Nischal\AppData\Roaming\Composer\vendor\bin;C:\Users\Nischal\AppData\Local\Microsoft\WindowsApps
USERNAME=Nischal
OS=Windows_NT
PROCESSOR_IDENTIFIER=Intel64 Family 6 Model 61 Stepping 4, GenuineIntel



---------------  S Y S T E M  ---------------

OS: Windows 10.0 , 64 bit Build 19041 (10.0.19041.546)

CPU:total 4 (initial active 4) (2 cores per cpu, 2 threads per core) family 6 model 61 stepping 4, cmov, cx8, fxsr, mmx, sse, sse2, sse3, ssse3, sse4.1, sse4.2, popcnt, avx, avx2, aes, clmul, erms, 3dnowpref, lzcnt, ht, tsc, tscinvbit, bmi1, bmi2, adx

Memory: 4k page, physical 4102768k(294580k free), swap 10613556k(6800k free)

vm_info: OpenJDK 64-Bit Server VM (25.242-b01) for windows-amd64 JRE (1.8.0_242-release-1644-b01), built by "builder" with MS VC++ 10.0 (VS2010)

time: Mon Nov 02 19:24:04 2020
timezone: India Standard Time
elapsed time: 139 seconds (0d 0h 2m 19s)

